
Showing logs for build [32mjenkins-x-labs-bot-bdd-gh-15861-bnkqx-1[0m stage [32mfrom-build-pack[0m and container [32mstep-credential-initializer-wmc6v[0m
{"level":"warn","ts":1586163000.6005757,"logger":"fallback-logger","caller":"logging/config.go:69","msg":"Fetch GitHub commit ID from kodata failed: \"ref: refs/heads/0.8.0-**-support-backwards-incompats\" is not a valid GitHub commit ID"}
{"level":"info","ts":1586163000.6012218,"logger":"fallback-logger","caller":"creds-init/main.go:40","msg":"Credentials initialized."}

Showing logs for build [32mjenkins-x-labs-bot-bdd-gh-15861-bnkqx-1[0m stage [32mfrom-build-pack[0m and container [32mstep-working-dir-initializer-nddc4[0m
{"level":"warn","ts":1586163001.565382,"logger":"fallback-logger","caller":"logging/config.go:69","msg":"Fetch GitHub commit ID from kodata failed: open /var/run/ko/HEAD: no such file or directory"}
{"level":"info","ts":1586163001.5666718,"logger":"fallback-logger","caller":"bash/main.go:64","msg":"Successfully executed command \"sh -c mkdir -p /workspace/source\"; output "}

Showing logs for build [32mjenkins-x-labs-bot-bdd-gh-15861-bnkqx-1[0m stage [32mfrom-build-pack[0m and container [32mstep-place-tools[0m

Showing logs for build [32mjenkins-x-labs-bot-bdd-gh-15861-bnkqx-1[0m stage [32mfrom-build-pack[0m and container [32mstep-git-source-jenkins-x-labs-bot-bdd-gh-15861-bnkqx-k7gjf[0m
{"level":"warn","ts":1586163006.7873347,"logger":"fallback-logger","caller":"logging/config.go:69","msg":"Fetch GitHub commit ID from kodata failed: \"ref: refs/heads/0.8.0-**-support-backwards-incompats\" is not a valid GitHub commit ID"}
{"level":"info","ts":1586163007.8447328,"logger":"fallback-logger","caller":"git/git.go:103","msg":"Successfully cloned https://github.com/******************/bdd-gh-1586162501.git @ master in path /workspace/source"}

Showing logs for build [32mjenkins-x-labs-bot-bdd-gh-15861-bnkqx-1[0m stage [32mfrom-build-pack[0m and container [32mstep-git-merge[0m
Using SHAs from PULL_REFS=master:7a3d080c76e1a70b39db9d6356f2aeebd69f1036,1:9f4859ac57fade224bae55c2ab612a8d51461ea1
DEBUG: JX_LOG_LEVEL=error LC_ALL=C git fetch origin --unshallow 9f4859ac57fade224bae55c2ab612a8d51461ea1: 7a3d080c76e1a70b39db9d6356f2aeebd69f1036:
DEBUG: ran git fetch --unshallow origin 9f4859ac57fade224bae55c2ab612a8d51461ea1: 7a3d080c76e1a70b39db9d6356f2aeebd69f1036: in 
DEBUG: LC_ALL=C JX_LOG_LEVEL=error git branch
DEBUG: LC_ALL=C JX_LOG_LEVEL=error git checkout master
DEBUG: ran git checkout master in 
DEBUG: JX_LOG_LEVEL=error LC_ALL=C git reset --hard 7a3d080c76e1a70b39db9d6356f2aeebd69f1036
DEBUG: ran git reset --hard 7a3d080c76e1a70b39db9d6356f2aeebd69f1036 in 
DEBUG: LC_ALL=C JX_LOG_LEVEL=error git clean -fd .
DEBUG: ran clean --force -d . in 
DEBUG: LC_ALL=C JX_LOG_LEVEL=error git merge 9f4859ac57fade224bae55c2ab612a8d51461ea1
DEBUG: ran git merge 9f4859ac57fade224bae55c2ab612a8d51461ea1 in 
DEBUG: LC_ALL=C JX_LOG_LEVEL=error git log --format=%H%x1f%an%x1f%ae%x1f%cn%x1f%ce%x1f%s%n%b%x1e 7a3d080c76e1a70b39db9d6356f2aeebd69f1036..HEAD
Merged SHA 9f4859ac57fade224bae55c2ab612a8d51461ea1 with commit message 'My first PR commit' into base branch master

Showing logs for build [32mjenkins-x-labs-bot-bdd-gh-15861-bnkqx-1[0m stage [32mfrom-build-pack[0m and container [32mstep-build-make-linux[0m
CGO_ENABLED=0 GOOS=linux GOARCH=amd64 GO15VENDOREXPERIMENT=1 go build -ldflags '' -o bin/bdd-gh-1586162501 main.go

Showing logs for build [32mjenkins-x-labs-bot-bdd-gh-15861-bnkqx-1[0m stage [32mfrom-build-pack[0m and container [32mstep-build-container-build[0m
ERROR: logging before flag.Parse: E0406 08:50:14.608936      12 metadata.go:241] Failed to unmarshal scopes: invalid character 'h' looking for beginning of value
[36mINFO[0m[0000] No base image, nothing to extract            
[36mINFO[0m[0000] cmd: EXPOSE                                  
[36mINFO[0m[0000] Adding exposed port: 8080/tcp                
[36mINFO[0m[0000] Using files from context: [/workspace/source/bin] 
[36mINFO[0m[0000] Skipping unpacking as no commands require it. 
[36mINFO[0m[0000] Taking snapshot of full filesystem...        
[36mINFO[0m[0000] EXPOSE 8080                                  
[36mINFO[0m[0000] cmd: EXPOSE                                  
[36mINFO[0m[0000] Adding exposed port: 8080/tcp                
[36mINFO[0m[0000] No files changed in this command, skipping snapshotting. 
[36mINFO[0m[0000] ENTRYPOINT ["/bdd-gh-1586162501"]            
[36mINFO[0m[0000] No files changed in this command, skipping snapshotting. 
[36mINFO[0m[0000] Using files from context: [/workspace/source/bin] 
[36mINFO[0m[0000] COPY ./bin/ /                                
[36mINFO[0m[0000] Taking snapshot of files...                  
2020/04/06 08:50:18 pushed blob: sha256:6e604858c99e19f3ad5c7dd15d21e4813def0c3dc1bcfe69db75b36bd6ee9450
2020/04/06 08:50:18 pushed blob: sha256:23582ca4cbf369ece302e648a7af45f1d649ecd64457da8fcaf32b9dbc9bd5d8
2020/04/06 08:50:20 gcr.io/jenkins-x-labs-bdd/bdd-gh-1586162501:0.0.0-SNAPSHOT-PR-1-1: digest: sha256:fea3b4eda83d128512ba7cdcf9f72a28241e845510310cb692c74b384adef6c9 size: 428

Showing logs for build [32mjenkins-x-labs-bot-bdd-gh-15861-bnkqx-1[0m stage [32mfrom-build-pack[0m and container [32mstep-postbuild-post-build[0m
no CVE provider running in the current ** namespace so skip adding image to be analysed

Showing logs for build [32mjenkins-x-labs-bot-bdd-gh-15861-bnkqx-1[0m stage [32mfrom-build-pack[0m and container [32mstep-promote-make-preview[0m
sed -i -e "s/version:.*/version: 0.0.0-SNAPSHOT-PR-1-1/" Chart.yaml
sed -i -e "s/version:.*/version: 0.0.0-SNAPSHOT-PR-1-1/" ../*/Chart.yaml
sed -i -e "s|repository:.*|repository: gcr.io\/jenkins-x-labs-bdd\/bdd-gh-1586162501|" values.yaml
sed -i -e "s/tag:.*/tag: 0.0.0-SNAPSHOT-PR-1-1/" values.yaml
echo "  version: 0.0.0-SNAPSHOT-PR-1-1" >> requirements.yaml
** step helm build
WARNING: No $CHART_REPOSITORY defined so using the default value of: http://jenkins-x-chartmuseum:8080
Adding missing Helm repo: storage.googleapis.com https://storage.googleapis.com/chartmuseum.jenkins-x.io
Successfully added Helm repository storage.googleapis.com.
Adding missing Helm repo: jenkins-x-chartmuseum http://jenkins-x-chartmuseum:8080
Successfully added Helm repository jenkins-x-chartmuseum.
WARNING: No $CHART_REPOSITORY defined so using the default value of: http://jenkins-x-chartmuseum:8080

Showing logs for build [32mjenkins-x-labs-bot-bdd-gh-15861-bnkqx-1[0m stage [32mfrom-build-pack[0m and container [32mstep-promote-jx-preview[0m
Creating a preview
Created environment ******************-bdd-gh-1586162501-pr-1
Namespace **-******************-bdd-gh-1586162501-pr-1 created 
expose:
  Annotations:
    helm.sh/hook: post-install,post-upgrade
    helm.sh/hook-delete-policy: hook-succeeded
  config:
    domain: 34.77.211.196.nip.io
    exposer: Ingress
    http: "true"
preview:
  image:
    repository: gcr.io/jenkins-x-labs-bdd/bdd-gh-1586162501
    tag: 0.0.0-SNAPSHOT-PR-1-1
adding helm values file /workspace/source/charts/preview/**Requirements.values.yaml for namespace **-******************-bdd-gh-1586162501-pr-1
Updating PipelineActivities ******************-bdd-gh-1586162501-pr-1-1 which has status Running
WARNING: preview application http://bdd-gh-1586162501-**-******************-bdd-gh-1586162501-pr-1.34.77.211.196.nip.io not available, error was 503 503 Service Temporarily Unavailable, delaying for: 1.252573036s
WARNING: preview application http://bdd-gh-1586162501-**-******************-bdd-gh-1586162501-pr-1.34.77.211.196.nip.io not available, error was 503 503 Service Temporarily Unavailable, delaying for: 1.795078749s
Preview application is now available at: http://bdd-gh-1586162501-**-******************-bdd-gh-1586162501-pr-1.34.77.211.196.nip.io
